Performing C++ SOURCE FILE Test COMPILER_KNOWS_STDLIB failed with the following output:
Change Dir: /home/otg/build/CMakeFiles/CMakeTmp

Run Build Command:"/usr/bin/make" "cmTC_ff715/fast"
/usr/bin/make -f CMakeFiles/cmTC_ff715.dir/build.make CMakeFiles/cmTC_ff715.dir/build
make[1]: Entering directory '/home/otg/build/CMakeFiles/CMakeTmp'
Building CXX object CMakeFiles/cmTC_ff715.dir/src.cxx.o
/usr/bin/c++     -DCOMPILER_KNOWS_STDLIB   -stdlib=libc++ -o CMakeFiles/cmTC_ff715.dir/src.cxx.o -c /home/otg/build/CMakeFiles/CMakeTmp/src.cxx
c++: error: unrecognized command line option '-stdlib=libc++'
CMakeFiles/cmTC_ff715.dir/build.make:65: recipe for target 'CMakeFiles/cmTC_ff715.dir/src.cxx.o' failed
make[1]: *** [CMakeFiles/cmTC_ff715.dir/src.cxx.o] Error 1
make[1]: Leaving directory '/home/otg/build/CMakeFiles/CMakeTmp'
Makefile:126: recipe for target 'cmTC_ff715/fast' failed
make: *** [cmTC_ff715/fast] Error 2

Source file was:
int main() { return 0; }
Determining if the pthread_create exist failed with the following output:
Change Dir: /home/otg/build/CMakeFiles/CMakeTmp

Run Build Command:"/usr/bin/make" "cmTC_7e5bf/fast"
/usr/bin/make -f CMakeFiles/cmTC_7e5bf.dir/build.make CMakeFiles/cmTC_7e5bf.dir/build
make[1]: Entering directory '/home/otg/build/CMakeFiles/CMakeTmp'
Building C object CMakeFiles/cmTC_7e5bf.dir/CheckSymbolExists.c.o
/usr/bin/cc     -o CMakeFiles/cmTC_7e5bf.dir/CheckSymbolExists.c.o   -c /home/otg/build/CMakeFiles/CMakeTmp/CheckSymbolExists.c
Linking C executable cmTC_7e5bf
/usr/bin/cmake -E cmake_link_script CMakeFiles/cmTC_7e5bf.dir/link.txt --verbose=1
/usr/bin/cc       CMakeFiles/cmTC_7e5bf.dir/CheckSymbolExists.c.o  -o cmTC_7e5bf -rdynamic 
CMakeFiles/cmTC_7e5bf.dir/CheckSymbolExists.c.o: In function `main':
CheckSymbolExists.c:(.text+0x16): undefined reference to `pthread_create'
collect2: error: ld returned 1 exit status
CMakeFiles/cmTC_7e5bf.dir/build.make:97: recipe for target 'cmTC_7e5bf' failed
make[1]: *** [cmTC_7e5bf] Error 1
make[1]: Leaving directory '/home/otg/build/CMakeFiles/CMakeTmp'
Makefile:126: recipe for target 'cmTC_7e5bf/fast' failed
make: *** [cmTC_7e5bf/fast] Error 2

File /home/otg/build/CMakeFiles/CMakeTmp/CheckSymbolExists.c:
/* */
#include <pthread.h>

int main(int argc, char** argv)
{
  (void)argv;
#ifndef pthread_create
  return ((int*)(&pthread_create))[argc];
#else
  (void)argc;
  return 0;
#endif
}

Determining if the function pthread_create exists in the pthreads failed with the following output:
Change Dir: /home/otg/build/CMakeFiles/CMakeTmp

Run Build Command:"/usr/bin/make" "cmTC_b3729/fast"
/usr/bin/make -f CMakeFiles/cmTC_b3729.dir/build.make CMakeFiles/cmTC_b3729.dir/build
make[1]: Entering directory '/home/otg/build/CMakeFiles/CMakeTmp'
Building C object CMakeFiles/cmTC_b3729.dir/CheckFunctionExists.c.o
/usr/bin/cc    -DCHECK_FUNCTION_EXISTS=pthread_create   -o CMakeFiles/cmTC_b3729.dir/CheckFunctionExists.c.o   -c /usr/share/cmake-3.5/Modules/CheckFunctionExists.c
Linking C executable cmTC_b3729
/usr/bin/cmake -E cmake_link_script CMakeFiles/cmTC_b3729.dir/link.txt --verbose=1
/usr/bin/cc   -DCHECK_FUNCTION_EXISTS=pthread_create    CMakeFiles/cmTC_b3729.dir/CheckFunctionExists.c.o  -o cmTC_b3729 -rdynamic -lpthreads 
/usr/bin/ld: cannot find -lpthreads
collect2: error: ld returned 1 exit status
CMakeFiles/cmTC_b3729.dir/build.make:97: recipe for target 'cmTC_b3729' failed
make[1]: *** [cmTC_b3729] Error 1
make[1]: Leaving directory '/home/otg/build/CMakeFiles/CMakeTmp'
Makefile:126: recipe for target 'cmTC_b3729/fast' failed
make: *** [cmTC_b3729/fast] Error 2


